<?xml version="1.0" encoding="UTF-8"?>
<testng-results ignored="0" total="1" passed="1" failed="0" skipped="0">
  <reporter-output>
  </reporter-output>
  <suite started-at="2024-01-12T10:27:52 IST" name="Default suite" finished-at="2024-01-12T10:27:52 IST" duration-ms="61">
    <groups>
    </groups>
    <test started-at="2024-01-12T10:27:52 IST" name="Default test" finished-at="2024-01-12T10:27:52 IST" duration-ms="61">
      <class name="testCase.Testchild">
        <test-method signature="testingfunction()[pri:0, instance:testCase.Testchild@223aa2f7]" started-at="2024-01-12T10:27:52 IST" name="testingfunction" finished-at="2024-01-12T10:27:52 IST" duration-ms="12" status="PASS">
          <reporter-output>
          </reporter-output>
        </test-method> <!-- testingfunction -->
      </class> <!-- testCase.Testchild -->
    </test> <!-- Default test -->
  </suite> <!-- Default suite -->
</testng-results>
